<?xml version="1.0" encoding="UTF-8"?>
<testsuite name="com.example.demo.memo.MemoApplicationTests" tests="1" skipped="0" failures="0" errors="0" timestamp="2021-05-24T03:39:23" hostname="ccc57a2e3e38" time="1.679">
  <properties/>
  <testcase name="contextLoads()" classname="com.example.demo.memo.MemoApplicationTests" time="1.679"/>
  <system-out><![CDATA[03:39:14.744 [Test worker] DEBUG org.springframework.test.context.BootstrapUtils - Instantiating CacheAwareContextLoaderDelegate from class [org.springframework.test.context.cache.DefaultCacheAwareContextLoaderDelegate]
03:39:14.805 [Test worker] DEBUG org.springframework.test.context.BootstrapUtils - Instantiating BootstrapContext using constructor [public org.springframework.test.context.support.DefaultBootstrapContext(java.lang.Class,org.springframework.test.context.CacheAwareContextLoaderDelegate)]
03:39:14.921 [Test worker] DEBUG org.springframework.test.context.BootstrapUtils - Instantiating TestContextBootstrapper for test class [com.example.demo.memo.MemoApplicationTests] from class [org.springframework.boot.test.context.SpringBootTestContextBootstrapper]
03:39:14.975 [Test worker] INFO org.springframework.boot.test.context.SpringBootTestContextBootstrapper - Neither @ContextConfiguration nor @ContextHierarchy found for test class [com.example.demo.memo.MemoApplicationTests], using SpringBootContextLoader
03:39:14.991 [Test worker] DEBUG org.springframework.test.context.support.AbstractContextLoader - Did not detect default resource location for test class [com.example.demo.memo.MemoApplicationTests]: class path resource [com/example/demo/memo/MemoApplicationTests-context.xml] does not exist
03:39:14.993 [Test worker] DEBUG org.springframework.test.context.support.AbstractContextLoader - Did not detect default resource location for test class [com.example.demo.memo.MemoApplicationTests]: class path resource [com/example/demo/memo/MemoApplicationTestsContext.groovy] does not exist
03:39:14.994 [Test worker] INFO org.springframework.test.context.support.AbstractContextLoader - Could not detect default resource locations for test class [com.example.demo.memo.MemoApplicationTests]: no resource found for suffixes {-context.xml, Context.groovy}.
03:39:14.996 [Test worker] INFO org.springframework.test.context.support.AnnotationConfigContextLoaderUtils - Could not detect default configuration classes for test class [com.example.demo.memo.MemoApplicationTests]: MemoApplicationTests does not declare any static, non-private, non-final, nested classes annotated with @Configuration.
03:39:15.156 [Test worker] DEBUG org.springframework.test.context.support.ActiveProfilesUtils - Could not find an 'annotation declaring class' for annotation type [org.springframework.test.context.ActiveProfiles] and class [com.example.demo.memo.MemoApplicationTests]
03:39:15.372 [Test worker] DEBUG org.springframework.context.annotation.ClassPathScanningCandidateComponentProvider - Identified candidate component class: file [/srv/build/classes/java/main/com/example/demo/memo/Main.class]
03:39:15.375 [Test worker] INFO org.springframework.boot.test.context.SpringBootTestContextBootstrapper - Found @SpringBootConfiguration com.example.demo.memo.Main for test class com.example.demo.memo.MemoApplicationTests
03:39:15.815 [Test worker] DEBUG org.springframework.boot.test.context.SpringBootTestContextBootstrapper - @TestExecutionListeners is not present for class [com.example.demo.memo.MemoApplicationTests]: using defaults.
03:39:15.818 [Test worker] INFO org.springframework.boot.test.context.SpringBootTestContextBootstrapper - Loaded default TestExecutionListener class names from location [META-INF/spring.factories]: [org.springframework.boot.test.autoconfigure.restdocs.RestDocsTestExecutionListener, org.springframework.boot.test.autoconfigure.web.client.MockRestServiceServerResetTestExecutionListener, org.springframework.boot.test.autoconfigure.web.servlet.MockMvcPrintOnlyOnFailureTestExecutionListener, org.springframework.boot.test.autoconfigure.web.servlet.WebDriverTestExecutionListener, org.springframework.boot.test.autoconfigure.webservices.client.MockWebServiceServerTestExecutionListener, org.springframework.boot.test.mock.mockito.MockitoTestExecutionListener, org.springframework.boot.test.mock.mockito.ResetMocksTestExecutionListener, org.springframework.test.context.web.ServletTestExecutionListener, org.springframework.test.context.support.DirtiesContextBeforeModesTestExecutionListener, org.springframework.test.context.event.ApplicationEventsTestExecutionListener, org.springframework.test.context.support.DependencyInjectionTestExecutionListener, org.springframework.test.context.support.DirtiesContextTestExecutionListener, org.springframework.test.context.transaction.TransactionalTestExecutionListener, org.springframework.test.context.jdbc.SqlScriptsTestExecutionListener, org.springframework.test.context.event.EventPublishingTestExecutionListener]
03:39:15.881 [Test worker] DEBUG org.springframework.boot.test.context.SpringBootTestContextBootstrapper - Skipping candidate TestExecutionListener [org.springframework.test.context.transaction.TransactionalTestExecutionListener] due to a missing dependency. Specify custom listener classes or make the default listener classes and their required dependencies available. Offending class: [org/springframework/transaction/interceptor/TransactionAttributeSource]
03:39:15.883 [Test worker] DEBUG org.springframework.boot.test.context.SpringBootTestContextBootstrapper - Skipping candidate TestExecutionListener [org.springframework.test.context.jdbc.SqlScriptsTestExecutionListener] due to a missing dependency. Specify custom listener classes or make the default listener classes and their required dependencies available. Offending class: [org/springframework/transaction/interceptor/TransactionAttribute]
03:39:15.884 [Test worker] INFO org.springframework.boot.test.context.SpringBootTestContextBootstrapper - Using TestExecutionListeners: [org.springframework.test.context.web.ServletTestExecutionListener@243ebbce, org.springframework.test.context.support.DirtiesContextBeforeModesTestExecutionListener@7825a484, org.springframework.test.context.event.ApplicationEventsTestExecutionListener@55ab448f, org.springframework.boot.test.mock.mockito.MockitoTestExecutionListener@40be789c, org.springframework.boot.test.autoconfigure.SpringBootDependencyInjectionTestExecutionListener@118f4b8e, org.springframework.test.context.support.DirtiesContextTestExecutionListener@445bccbf, org.springframework.test.context.event.EventPublishingTestExecutionListener@4b5b6787, org.springframework.boot.test.autoconfigure.restdocs.RestDocsTestExecutionListener@78128ce8, org.springframework.boot.test.autoconfigure.web.client.MockRestServiceServerResetTestExecutionListener@13aa6b5f, org.springframework.boot.test.autoconfigure.web.servlet.MockMvcPrintOnlyOnFailureTestExecutionListener@98e63a1, org.springframework.boot.test.autoconfigure.web.servlet.WebDriverTestExecutionListener@19795a48, org.springframework.boot.test.autoconfigure.webservices.client.MockWebServiceServerTestExecutionListener@75e0f043, org.springframework.boot.test.mock.mockito.ResetMocksTestExecutionListener@35509d33]
03:39:15.901 [Test worker] DEBUG org.springframework.test.context.support.AbstractDirtiesContextTestExecutionListener - Before test class: context [DefaultTestContext@c1b0c8c testClass = MemoApplicationTests, testInstance = [null], testMethod = [null], testException = [null], mergedContextConfiguration = [WebMergedContextConfiguration@65f7a66e testClass = MemoApplicationTests, locations = '{}', classes = '{class com.example.demo.memo.Main}', contextInitializerClasses = '[]', activeProfiles = '{}', propertySourceLocations = '{}', propertySourceProperties = '{org.springframework.boot.test.context.SpringBootTestContextBootstrapper=true}', contextCustomizers = set[org.springframework.boot.test.autoconfigure.actuate.metrics.MetricsExportContextCustomizerFactory$DisableMetricExportContextCustomizer@8e1e8f, org.springframework.boot.test.autoconfigure.properties.PropertyMappingContextCustomizer@0, org.springframework.boot.test.autoconfigure.web.servlet.WebDriverContextCustomizerFactory$Customizer@6d703104, org.springframework.boot.test.context.filter.ExcludeFilterContextCustomizer@5c4c71c3, org.springframework.boot.test.json.DuplicateJsonObjectContextCustomizerFactory$DuplicateJsonObjectContextCustomizer@55b7f275, org.springframework.boot.test.mock.mockito.MockitoContextCustomizer@0, org.springframework.boot.test.web.client.TestRestTemplateContextCustomizer@5cbcfa96, org.springframework.boot.test.context.SpringBootTestArgs@1, org.springframework.boot.test.context.SpringBootTestWebEnvironment@2151f1c3], resourceBasePath = 'src/main/webapp', contextLoader = 'org.springframework.boot.test.context.SpringBootContextLoader', parent = [null]], attributes = map['org.springframework.test.context.web.ServletTestExecutionListener.activateListener' -> true]], class annotated with @DirtiesContext [false] with mode [null].
03:39:16.029 [Test worker] DEBUG org.springframework.test.context.support.TestPropertySourceUtils - Adding inlined properties to environment: {spring.jmx.enabled=false, org.springframework.boot.test.context.SpringBootTestContextBootstrapper=true}

  .   ____          _            __ _ _
 /\\ / ___'_ __ _ _(_)_ __  __ _ \ \ \ \
( ( )\___ | '_ | '_| | '_ \/ _` | \ \ \ \
 \\/  ___)| |_)| | | | | || (_| |  ) ) ) )
  '  |____| .__|_| |_|_| |_\__, | / / / /
 =========|_|==============|___/=/_/_/_/
 :: Spring Boot ::                (v2.4.5)

2021-05-24 03:39:17.029  INFO 509 --- [    Test worker] c.e.demo.memo.MemoApplicationTests       : Starting MemoApplicationTests using Java 14.0.2 on ccc57a2e3e38 with PID 509 (started by root in /srv)
2021-05-24 03:39:17.034  INFO 509 --- [    Test worker] c.e.demo.memo.MemoApplicationTests       : No active profile set, falling back to default profiles: default
2021-05-24 03:39:21.274  INFO 509 --- [    Test worker] o.s.s.concurrent.ThreadPoolTaskExecutor  : Initializing ExecutorService 'applicationTaskExecutor'
2021-05-24 03:39:22.948  INFO 509 --- [    Test worker] c.e.demo.memo.MemoApplicationTests       : Started MemoApplicationTests in 6.895 seconds (JVM running for 9.524)
]]></system-out>
  <system-err><![CDATA[]]></system-err>
</testsuite>
